0 verbose cli C:\Program Files\nodejs\node.exe C:\Program Files\nodejs\node_modules\npm\bin\npm-cli.js
1 info using npm@11.9.0
2 info using node@v24.14.0
3 silly config load:file:C:\Program Files\nodejs\node_modules\npm\npmrc
4 silly config load:file:C:\Users\orlan\Desktop\PANDA-PROJECT\.npmrc
5 silly config load:file:C:\Users\orlan\.npmrc
6 silly config load:file:C:\Users\orlan\AppData\Roaming\npm\etc\npmrc
7 verbose title npm install
8 verbose argv "install" "--cache" ".npm-cache"
9 verbose logfile logs-max:10 dir:C:\Users\orlan\Desktop\PANDA-PROJECT\.npm-cache\_logs\2026-03-22T17_13_11_505Z-
10 verbose logfile C:\Users\orlan\Desktop\PANDA-PROJECT\.npm-cache\_logs\2026-03-22T17_13_11_505Z-debug-0.log
11 silly logfile done cleaning log files
12 silly packumentCache heap:2348810240 maxSize:587202560 maxEntrySize:293601280
13 silly idealTree buildDeps
14 silly fetch manifest react@^18.3.1
15 silly packumentCache full:https://registry.npmjs.org/react cache-miss
16 http cache https://registry.npmjs.org/react 57ms (cache hit)
17 silly packumentCache full:https://registry.npmjs.org/react set size:6555426 disposed:false
18 silly fetch manifest react-dom@^18.3.1
19 silly packumentCache full:https://registry.npmjs.org/react-dom cache-miss
20 http cache https://registry.npmjs.org/react-dom 45ms (cache hit)
21 silly packumentCache full:https://registry.npmjs.org/react-dom set size:8705519 disposed:false
22 silly fetch manifest react-router-dom@^6.30.1
23 silly packumentCache full:https://registry.npmjs.org/react-router-dom cache-miss
24 http cache https://registry.npmjs.org/react-router-dom 53ms (cache hit)
25 silly packumentCache full:https://registry.npmjs.org/react-router-dom set size:2801285 disposed:false
26 silly fetch manifest @types/react@^18.3.18
27 silly packumentCache full:https://registry.npmjs.org/@types%2freact cache-miss
28 http cache https://registry.npmjs.org/@types%2freact 25ms (cache hit)
29 silly packumentCache full:https://registry.npmjs.org/@types%2freact set size:2588986 disposed:false
30 silly fetch manifest @types/react-dom@^18.3.5
31 silly packumentCache full:https://registry.npmjs.org/@types%2freact-dom cache-miss
32 http cache https://registry.npmjs.org/@types%2freact-dom 16ms (cache hit)
33 silly packumentCache full:https://registry.npmjs.org/@types%2freact-dom set size:429026 disposed:false
34 silly fetch manifest @vitejs/plugin-react@^4.3.4
35 silly packumentCache full:https://registry.npmjs.org/@vitejs%2fplugin-react cache-miss
36 http cache https://registry.npmjs.org/@vitejs%2fplugin-react 21ms (cache hit)
37 silly packumentCache full:https://registry.npmjs.org/@vitejs%2fplugin-react set size:264287 disposed:false
38 silly fetch manifest vite@^6.1.0
39 silly packumentCache full:https://registry.npmjs.org/vite cache-miss
40 http cache https://registry.npmjs.org/vite 200ms (cache hit)
41 silly packumentCache full:https://registry.npmjs.org/vite set size:38757149 disposed:false
42 silly fetch manifest @types/node@^18.0.0 || ^20.0.0 || >=22.0.0
43 silly packumentCache full:https://registry.npmjs.org/@types%2fnode cache-miss
44 http cache https://registry.npmjs.org/@types%2fnode 111ms (cache hit)
45 silly packumentCache full:https://registry.npmjs.org/@types%2fnode set size:10939971 disposed:false
46 silly fetch manifest jiti@>=1.21.0
47 silly packumentCache full:https://registry.npmjs.org/jiti cache-miss
48 http cache https://registry.npmjs.org/jiti 18ms (cache hit)
49 silly packumentCache full:https://registry.npmjs.org/jiti set size:382310 disposed:false
50 silly fetch manifest less@*
51 silly packumentCache full:https://registry.npmjs.org/less cache-miss
52 http cache https://registry.npmjs.org/less 16ms (cache hit)
53 silly packumentCache full:https://registry.npmjs.org/less set size:461684 disposed:false
54 silly fetch manifest lightningcss@^1.21.0
55 silly packumentCache full:https://registry.npmjs.org/lightningcss cache-miss
56 http cache https://registry.npmjs.org/lightningcss 14ms (cache hit)
57 silly packumentCache full:https://registry.npmjs.org/lightningcss set size:186753 disposed:false
58 silly fetch manifest sass@*
59 silly packumentCache full:https://registry.npmjs.org/sass cache-miss
60 http cache https://registry.npmjs.org/sass 22ms (cache hit)
61 silly packumentCache full:https://registry.npmjs.org/sass set size:724154 disposed:false
62 silly fetch manifest sass-embedded@*
63 silly packumentCache full:https://registry.npmjs.org/sass-embedded cache-miss
64 http cache https://registry.npmjs.org/sass-embedded 25ms (cache hit)
65 silly packumentCache full:https://registry.npmjs.org/sass-embedded set size:411496 disposed:false
66 silly fetch manifest stylus@*
67 silly packumentCache full:https://registry.npmjs.org/stylus cache-miss
68 http cache https://registry.npmjs.org/stylus 20ms (cache hit)
69 silly packumentCache full:https://registry.npmjs.org/stylus set size:286766 disposed:false
70 silly fetch manifest sugarss@*
71 silly packumentCache full:https://registry.npmjs.org/sugarss cache-miss
72 http cache https://registry.npmjs.org/sugarss 20ms (cache hit)
73 silly packumentCache full:https://registry.npmjs.org/sugarss set size:44975 disposed:false
74 silly fetch manifest postcss@^8.3.3
75 silly packumentCache full:https://registry.npmjs.org/postcss cache-miss
76 http cache https://registry.npmjs.org/postcss 17ms (cache hit)
77 silly packumentCache full:https://registry.npmjs.org/postcss set size:702266 disposed:false
78 silly fetch manifest terser@^5.16.0
79 silly packumentCache full:https://registry.npmjs.org/terser cache-miss
80 http cache https://registry.npmjs.org/terser 21ms (cache hit)
81 silly packumentCache full:https://registry.npmjs.org/terser set size:789927 disposed:false
82 silly fetch manifest tsx@^4.8.1
83 silly packumentCache full:https://registry.npmjs.org/tsx cache-miss
84 http cache https://registry.npmjs.org/tsx 24ms (cache hit)
85 silly packumentCache full:https://registry.npmjs.org/tsx set size:289592 disposed:false
86 silly fetch manifest yaml@^2.4.2
87 silly packumentCache full:https://registry.npmjs.org/yaml cache-miss
88 http cache https://registry.npmjs.org/yaml 18ms (cache hit)
89 silly packumentCache full:https://registry.npmjs.org/yaml set size:375230 disposed:false
90 silly fetch manifest typescript@^5.7.2
91 silly packumentCache full:https://registry.npmjs.org/typescript cache-miss
92 http cache https://registry.npmjs.org/typescript 109ms (cache hit)
93 silly packumentCache full:https://registry.npmjs.org/typescript set size:15384539 disposed:false
94 silly placeDep ROOT @types/react@18.3.28 OK for: panda-project@0.1.0 want: ^18.3.18
95 silly placeDep ROOT @types/react-dom@18.3.7 OK for: panda-project@0.1.0 want: ^18.3.5
96 silly placeDep ROOT @vitejs/plugin-react@4.7.0 OK for: panda-project@0.1.0 want: ^4.3.4
97 silly placeDep ROOT vite@6.4.1 OK for: @vitejs/plugin-react@4.7.0 want: ^4.2.0 || ^5.0.0 || ^6.0.0 || ^7.0.0
98 silly placeDep ROOT react@18.3.1 OK for: panda-project@0.1.0 want: ^18.3.1
99 silly placeDep ROOT react-dom@18.3.1 OK for: panda-project@0.1.0 want: ^18.3.1
100 silly placeDep ROOT react-router-dom@6.30.3 OK for: panda-project@0.1.0 want: ^6.30.1
101 silly placeDep ROOT typescript@5.9.3 OK for: panda-project@0.1.0 want: ^5.7.2
102 silly fetch manifest csstype@^3.2.2
103 silly packumentCache full:https://registry.npmjs.org/csstype cache-miss
104 silly fetch manifest @types/prop-types@*
105 silly packumentCache full:https://registry.npmjs.org/@types%2fprop-types cache-miss
106 silly fetch manifest @babel/core@^7.28.0
107 silly packumentCache full:https://registry.npmjs.org/@babel%2fcore cache-miss
108 silly fetch manifest react-refresh@^0.17.0
109 silly packumentCache full:https://registry.npmjs.org/react-refresh cache-miss
110 silly fetch manifest @types/babel__core@^7.20.5
111 silly packumentCache full:https://registry.npmjs.org/@types%2fbabel__core cache-miss
112 silly fetch manifest @rolldown/pluginutils@1.0.0-beta.27
113 silly packumentCache full:https://registry.npmjs.org/@rolldown%2fpluginutils cache-miss
114 silly fetch manifest @babel/plugin-transform-react-jsx-self@^7.27.1
115 silly packumentCache full:https://registry.npmjs.org/@babel%2fplugin-transform-react-jsx-self cache-miss
116 http cache https://registry.npmjs.org/csstype 85ms (cache hit)
117 silly packumentCache full:https://registry.npmjs.org/csstype set size:274189 disposed:false
118 silly fetch manifest @babel/plugin-transform-react-jsx-source@^7.27.1
119 silly packumentCache full:https://registry.npmjs.org/@babel%2fplugin-transform-react-jsx-source cache-miss
120 http cache https://registry.npmjs.org/@types%2fprop-types 97ms (cache hit)
121 silly packumentCache full:https://registry.npmjs.org/@types%2fprop-types set size:53942 disposed:false
122 silly fetch manifest fdir@^6.4.4
123 silly packumentCache full:https://registry.npmjs.org/fdir cache-miss
124 http cache https://registry.npmjs.org/@babel%2fcore 106ms (cache hit)
125 silly packumentCache full:https://registry.npmjs.org/@babel%2fcore set size:760113 disposed:false
126 silly fetch manifest rollup@^4.34.9
127 silly packumentCache full:https://registry.npmjs.org/rollup cache-miss
128 http cache https://registry.npmjs.org/react-refresh 136ms (cache hit)
129 silly packumentCache full:https://registry.npmjs.org/react-refresh set size:6251905 disposed:false
130 silly fetch manifest esbuild@^0.25.0
131 silly packumentCache full:https://registry.npmjs.org/esbuild cache-miss
132 http cache https://registry.npmjs.org/@rolldown%2fpluginutils 214ms (cache hit)
133 silly packumentCache full:https://registry.npmjs.org/@rolldown%2fpluginutils set size:271917 disposed:false
134 silly fetch manifest postcss@^8.5.3
135 silly packumentCache full:https://registry.npmjs.org/postcss cache-hit
136 silly fetch manifest picomatch@^4.0.2
137 silly packumentCache full:https://registry.npmjs.org/picomatch cache-miss
138 http cache https://registry.npmjs.org/@types%2fbabel__core 223ms (cache hit)
139 silly packumentCache full:https://registry.npmjs.org/@types%2fbabel__core set size:88676 disposed:false
140 silly fetch manifest tinyglobby@^0.2.13
141 silly packumentCache full:https://registry.npmjs.org/tinyglobby cache-miss
142 http cache https://registry.npmjs.org/@babel%2fplugin-transform-react-jsx-self 226ms (cache hit)
143 silly packumentCache full:https://registry.npmjs.org/@babel%2fplugin-transform-react-jsx-self set size:198119 disposed:false
144 silly fetch manifest fsevents@~2.3.3
145 silly packumentCache full:https://registry.npmjs.org/fsevents cache-miss
146 http cache https://registry.npmjs.org/fdir 159ms (cache hit)
147 silly packumentCache full:https://registry.npmjs.org/fdir set size:136182 disposed:false
148 silly fetch manifest loose-envify@^1.1.0
149 silly packumentCache full:https://registry.npmjs.org/loose-envify cache-miss
150 http cache https://registry.npmjs.org/rollup 163ms (cache hit)
151 silly packumentCache full:https://registry.npmjs.org/rollup set size:6146122 disposed:false
152 silly fetch manifest scheduler@^0.23.2
153 silly packumentCache full:https://registry.npmjs.org/scheduler cache-miss
154 http cache https://registry.npmjs.org/@babel%2fplugin-transform-react-jsx-source 265ms (cache hit)
155 silly packumentCache full:https://registry.npmjs.org/@babel%2fplugin-transform-react-jsx-source set size:203114 disposed:false
156 silly fetch manifest loose-envify@^1.1.0
157 silly packumentCache full:https://registry.npmjs.org/loose-envify cache-miss
158 http cache https://registry.npmjs.org/esbuild 153ms (cache hit)
159 silly packumentCache full:https://registry.npmjs.org/esbuild set size:1244751 disposed:false
160 silly fetch manifest react-router@6.30.3
161 silly packumentCache full:https://registry.npmjs.org/react-router cache-miss
162 http cache https://registry.npmjs.org/tinyglobby 160ms (cache hit)
163 silly packumentCache full:https://registry.npmjs.org/tinyglobby set size:49812 disposed:false
164 silly fetch manifest @remix-run/router@1.23.2
165 silly packumentCache full:https://registry.npmjs.org/@remix-run%2frouter cache-miss
166 http cache https://registry.npmjs.org/picomatch 172ms (cache hit)
167 silly packumentCache full:https://registry.npmjs.org/picomatch set size:118818 disposed:false
168 http cache https://registry.npmjs.org/fsevents 165ms (cache hit)
169 silly packumentCache full:https://registry.npmjs.org/fsevents set size:182472 disposed:false
170 http cache https://registry.npmjs.org/@remix-run%2frouter 39ms (cache hit)
171 silly packumentCache full:https://registry.npmjs.org/@remix-run%2frouter set size:502004 disposed:false
172 http cache https://registry.npmjs.org/loose-envify 172ms (cache hit)
173 silly packumentCache full:https://registry.npmjs.org/loose-envify set size:12559 disposed:false
174 http cache https://registry.npmjs.org/loose-envify 78ms (cache hit)
175 silly packumentCache full:https://registry.npmjs.org/loose-envify set size:12559 disposed:false
176 silly packumentCache full:https://registry.npmjs.org/loose-envify dispose
177 http cache https://registry.npmjs.org/scheduler 106ms (cache hit)
178 silly packumentCache full:https://registry.npmjs.org/scheduler set size:5439752 disposed:false
179 http cache https://registry.npmjs.org/react-router 200ms (cache hit)
180 silly packumentCache full:https://registry.npmjs.org/react-router set size:3874611 disposed:false
181 silly placeDep ROOT @types/prop-types@15.7.15 OK for: @types/react@18.3.28 want: *
182 silly placeDep ROOT csstype@3.2.3 OK for: @types/react@18.3.28 want: ^3.2.2
183 silly placeDep ROOT @babel/core@7.29.0 OK for: @vitejs/plugin-react@4.7.0 want: ^7.28.0
184 silly placeDep ROOT @babel/plugin-transform-react-jsx-self@7.27.1 OK for: @vitejs/plugin-react@4.7.0 want: ^7.27.1
185 silly placeDep ROOT @babel/plugin-transform-react-jsx-source@7.27.1 OK for: @vitejs/plugin-react@4.7.0 want: ^7.27.1
186 silly placeDep ROOT @rolldown/pluginutils@1.0.0-beta.27 OK for: @vitejs/plugin-react@4.7.0 want: 1.0.0-beta.27
187 silly placeDep ROOT @types/babel__core@7.20.5 OK for: @vitejs/plugin-react@4.7.0 want: ^7.20.5
188 silly placeDep ROOT react-refresh@0.17.0 OK for: @vitejs/plugin-react@4.7.0 want: ^0.17.0
189 silly fetch manifest debug@^4.1.0
190 silly packumentCache full:https://registry.npmjs.org/debug cache-miss
191 silly fetch manifest json5@^2.2.3
192 silly packumentCache full:https://registry.npmjs.org/json5 cache-miss
193 silly fetch manifest semver@^6.3.1
194 silly packumentCache full:https://registry.npmjs.org/semver cache-miss
195 silly fetch manifest gensync@^1.0.0-beta.2
196 silly packumentCache full:https://registry.npmjs.org/gensync cache-miss
197 silly fetch manifest @babel/types@^7.29.0
198 silly packumentCache full:https://registry.npmjs.org/@babel%2ftypes cache-miss
199 silly fetch manifest @babel/parser@^7.29.0
200 silly packumentCache full:https://registry.npmjs.org/@babel%2fparser cache-miss
201 silly fetch manifest @babel/helpers@^7.28.6
202 silly packumentCache full:https://registry.npmjs.org/@babel%2fhelpers cache-miss
203 http cache https://registry.npmjs.org/json5 45ms (cache hit)
204 silly packumentCache full:https://registry.npmjs.org/json5 set size:86136 disposed:false
205 silly fetch manifest @babel/template@^7.28.6
206 silly packumentCache full:https://registry.npmjs.org/@babel%2ftemplate cache-miss
207 http cache https://registry.npmjs.org/debug 55ms (cache hit)
208 silly packumentCache full:https://registry.npmjs.org/debug set size:195840 disposed:false
209 silly fetch manifest @babel/traverse@^7.29.0
210 silly packumentCache full:https://registry.npmjs.org/@babel%2ftraverse cache-miss
211 http cache https://registry.npmjs.org/semver 61ms (cache hit)
212 silly packumentCache full:https://registry.npmjs.org/semver set size:229620 disposed:false
213 silly fetch manifest @babel/generator@^7.29.0
214 silly packumentCache full:https://registry.npmjs.org/@babel%2fgenerator cache-miss
215 http cache https://registry.npmjs.org/@babel%2fhelpers 67ms (cache hit)
216 silly packumentCache full:https://registry.npmjs.org/@babel%2fhelpers set size:388224 disposed:false
217 silly fetch manifest @babel/code-frame@^7.29.0
218 silly packumentCache full:https://registry.npmjs.org/@babel%2fcode-frame cache-miss
219 http cache https://registry.npmjs.org/gensync 78ms (cache hit)
220 silly packumentCache full:https://registry.npmjs.org/gensync set size:15068 disposed:false
221 silly fetch manifest convert-source-map@^2.0.0
222 silly packumentCache full:https://registry.npmjs.org/convert-source-map cache-miss
223 http cache https://registry.npmjs.org/@babel%2fparser 80ms (cache hit)
224 silly packumentCache full:https://registry.npmjs.org/@babel%2fparser set size:718758 disposed:false
225 silly fetch manifest @jridgewell/remapping@^2.3.5
226 silly packumentCache full:https://registry.npmjs.org/@jridgewell%2fremapping cache-miss
227 http cache https://registry.npmjs.org/@babel%2ftypes 98ms (cache hit)
228 silly packumentCache full:https://registry.npmjs.org/@babel%2ftypes set size:487885 disposed:false
229 silly fetch manifest @babel/helper-module-transforms@^7.28.6
230 silly packumentCache full:https://registry.npmjs.org/@babel%2fhelper-module-transforms cache-miss
231 http cache https://registry.npmjs.org/@babel%2fgenerator 69ms (cache hit)
232 silly packumentCache full:https://registry.npmjs.org/@babel%2fgenerator set size:507107 disposed:false
233 silly fetch manifest @babel/helper-compilation-targets@^7.28.6
234 silly packumentCache full:https://registry.npmjs.org/@babel%2fhelper-compilation-targets cache-miss
235 http cache https://registry.npmjs.org/@babel%2ftemplate 104ms (cache hit)
236 silly packumentCache full:https://registry.npmjs.org/@babel%2ftemplate set size:227169 disposed:false
237 silly fetch manifest @babel/helper-plugin-utils@^7.27.1
238 silly packumentCache full:https://registry.npmjs.org/@babel%2fhelper-plugin-utils cache-miss
239 http cache https://registry.npmjs.org/@babel%2ftraverse 104ms (cache hit)
240 silly packumentCache full:https://registry.npmjs.org/@babel%2ftraverse set size:548722 disposed:false
241 silly fetch manifest @babel/helper-plugin-utils@^7.27.1
242 silly packumentCache full:https://registry.npmjs.org/@babel%2fhelper-plugin-utils cache-miss
243 http cache https://registry.npmjs.org/@babel%2fcode-frame 98ms (cache hit)
244 silly packumentCache full:https://registry.npmjs.org/@babel%2fcode-frame set size:196196 disposed:false
245 silly fetch manifest @babel/types@^7.20.7
246 silly packumentCache full:https://registry.npmjs.org/@babel%2ftypes cache-hit
247 silly fetch manifest @babel/parser@^7.20.7
248 silly packumentCache full:https://registry.npmjs.org/@babel%2fparser cache-hit
249 silly fetch manifest @types/babel__template@*
250 silly packumentCache full:https://registry.npmjs.org/@types%2fbabel__template cache-miss
251 http cache https://registry.npmjs.org/convert-source-map 145ms (cache hit)
252 silly packumentCache full:https://registry.npmjs.org/convert-source-map set size:66997 disposed:false
253 silly fetch manifest @types/babel__traverse@*
254 silly packumentCache full:https://registry.npmjs.org/@types%2fbabel__traverse cache-miss
255 http cache https://registry.npmjs.org/@babel%2fhelper-module-transforms 131ms (cache hit)
256 silly packumentCache full:https://registry.npmjs.org/@babel%2fhelper-module-transforms set size:333553 disposed:false
257 silly fetch manifest @types/babel__generator@*
258 silly packumentCache full:https://registry.npmjs.org/@types%2fbabel__generator cache-miss
259 http cache https://registry.npmjs.org/@jridgewell%2fremapping 156ms (cache hit)
260 silly packumentCache full:https://registry.npmjs.org/@jridgewell%2fremapping set size:23809 disposed:false
261 http cache https://registry.npmjs.org/@babel%2fhelper-compilation-targets 133ms (cache hit)
262 silly packumentCache full:https://registry.npmjs.org/@babel%2fhelper-compilation-targets set size:218757 disposed:false
263 http cache https://registry.npmjs.org/@babel%2fhelper-plugin-utils 128ms (cache hit)
264 silly packumentCache full:https://registry.npmjs.org/@babel%2fhelper-plugin-utils set size:163951 disposed:false
265 http cache https://registry.npmjs.org/@babel%2fhelper-plugin-utils 128ms (cache hit)
266 silly packumentCache full:https://registry.npmjs.org/@babel%2fhelper-plugin-utils set size:163951 disposed:false
267 silly packumentCache full:https://registry.npmjs.org/@babel%2fhelper-plugin-utils dispose
268 http cache https://registry.npmjs.org/@types%2fbabel__traverse 69ms (cache hit)
269 silly packumentCache full:https://registry.npmjs.org/@types%2fbabel__traverse set size:107819 disposed:false
270 http cache https://registry.npmjs.org/@types%2fbabel__template 85ms (cache hit)
271 silly packumentCache full:https://registry.npmjs.org/@types%2fbabel__template set size:22631 disposed:false
272 http cache https://registry.npmjs.org/@types%2fbabel__generator 59ms (cache hit)
273 silly packumentCache full:https://registry.npmjs.org/@types%2fbabel__generator set size:31587 disposed:false
274 silly fetch manifest @babel/core@^7.0.0
275 silly packumentCache full:https://registry.npmjs.org/@babel%2fcore cache-hit
276 silly placeDep ROOT @babel/code-frame@7.29.0 OK for: @babel/core@7.29.0 want: ^7.29.0
277 silly placeDep ROOT @babel/generator@7.29.1 OK for: @babel/core@7.29.0 want: ^7.29.0
278 silly placeDep ROOT @babel/helper-compilation-targets@7.28.6 OK for: @babel/core@7.29.0 want: ^7.28.6
279 silly placeDep ROOT @babel/helper-module-transforms@7.28.6 OK for: @babel/core@7.29.0 want: ^7.28.6
280 silly placeDep ROOT @babel/helpers@7.29.2 OK for: @babel/core@7.29.0 want: ^7.28.6
281 silly placeDep ROOT @babel/parser@7.29.2 OK for: @babel/core@7.29.0 want: ^7.29.0
282 silly placeDep ROOT @babel/template@7.28.6 OK for: @babel/core@7.29.0 want: ^7.28.6
283 silly placeDep ROOT @babel/traverse@7.29.0 OK for: @babel/core@7.29.0 want: ^7.29.0
284 silly placeDep ROOT @babel/types@7.29.0 OK for: @babel/core@7.29.0 want: ^7.29.0
285 silly placeDep ROOT @jridgewell/remapping@2.3.5 OK for: @babel/core@7.29.0 want: ^2.3.5
286 silly placeDep ROOT convert-source-map@2.0.0 OK for: @babel/core@7.29.0 want: ^2.0.0
287 silly placeDep ROOT debug@4.4.3 OK for: @babel/core@7.29.0 want: ^4.1.0
288 silly placeDep ROOT gensync@1.0.0-beta.2 OK for: @babel/core@7.29.0 want: ^1.0.0-beta.2
289 silly placeDep ROOT json5@2.2.3 OK for: @babel/core@7.29.0 want: ^2.2.3
290 silly placeDep ROOT semver@6.3.1 OK for: @babel/core@7.29.0 want: ^6.3.1
291 silly fetch manifest js-tokens@^4.0.0
292 silly packumentCache full:https://registry.npmjs.org/js-tokens cache-miss
293 silly fetch manifest picocolors@^1.1.1
294 silly packumentCache full:https://registry.npmjs.org/picocolors cache-miss
295 silly fetch manifest @babel/helper-validator-identifier@^7.28.5
296 silly packumentCache full:https://registry.npmjs.org/@babel%2fhelper-validator-identifier cache-miss
297 silly fetch manifest jsesc@^3.0.2
298 silly packumentCache full:https://registry.npmjs.org/jsesc cache-miss
299 silly fetch manifest @jridgewell/gen-mapping@^0.3.12
300 silly packumentCache full:https://registry.npmjs.org/@jridgewell%2fgen-mapping cache-miss
301 silly fetch manifest @jridgewell/trace-mapping@^0.3.28
302 silly packumentCache full:https://registry.npmjs.org/@jridgewell%2ftrace-mapping cache-miss
303 silly fetch manifest lru-cache@^5.1.1
304 silly packumentCache full:https://registry.npmjs.org/lru-cache cache-miss
305 http cache https://registry.npmjs.org/js-tokens 50ms (cache hit)
306 silly packumentCache full:https://registry.npmjs.org/js-tokens set size:41947 disposed:false
307 silly fetch manifest browserslist@^4.24.0
308 silly packumentCache full:https://registry.npmjs.org/browserslist cache-miss
309 http cache https://registry.npmjs.org/@babel%2fhelper-validator-identifier 54ms (cache hit)
310 silly packumentCache full:https://registry.npmjs.org/@babel%2fhelper-validator-identifier set size:116299 disposed:false
311 silly fetch manifest @babel/compat-data@^7.28.6
312 silly packumentCache full:https://registry.npmjs.org/@babel%2fcompat-data cache-miss
313 http cache https://registry.npmjs.org/picocolors 64ms (cache hit)
314 silly packumentCache full:https://registry.npmjs.org/picocolors set size:16648 disposed:false
315 silly fetch manifest @babel/helper-validator-option@^7.27.1
316 silly packumentCache full:https://registry.npmjs.org/@babel%2fhelper-validator-option cache-miss
317 http cache https://registry.npmjs.org/@jridgewell%2fgen-mapping 68ms (cache hit)
318 silly packumentCache full:https://registry.npmjs.org/@jridgewell%2fgen-mapping set size:80719 disposed:false
319 silly fetch manifest @babel/traverse@^7.28.6
320 silly packumentCache full:https://registry.npmjs.org/@babel%2ftraverse cache-hit
321 silly fetch manifest @babel/helper-module-imports@^7.28.6
322 silly packumentCache full:https://registry.npmjs.org/@babel%2fhelper-module-imports cache-miss
323 http cache https://registry.npmjs.org/@jridgewell%2ftrace-mapping 74ms (cache hit)
324 silly packumentCache full:https://registry.npmjs.org/@jridgewell%2ftrace-mapping set size:170909 disposed:false
325 silly fetch manifest @babel/types@^7.28.6
326 silly packumentCache full:https://registry.npmjs.org/@babel%2ftypes cache-hit
327 silly fetch manifest debug@^4.3.1
328 silly packumentCache full:https://registry.npmjs.org/debug cache-hit
329 silly fetch manifest @babel/helper-globals@^7.28.0
330 silly packumentCache full:https://registry.npmjs.org/@babel%2fhelper-globals cache-miss
331 http cache https://registry.npmjs.org/jsesc 95ms (cache hit)
332 silly packumentCache full:https://registry.npmjs.org/jsesc set size:61512 disposed:false
333 silly fetch manifest @babel/helper-string-parser@^7.27.1
334 silly packumentCache full:https://registry.npmjs.org/@babel%2fhelper-string-parser cache-miss
335 http cache https://registry.npmjs.org/lru-cache 95ms (cache hit)
336 silly packumentCache full:https://registry.npmjs.org/lru-cache set size:416454 disposed:false
337 silly fetch manifest @jridgewell/gen-mapping@^0.3.5
338 silly packumentCache full:https://registry.npmjs.org/@jridgewell%2fgen-mapping cache-hit
339 silly fetch manifest @jridgewell/trace-mapping@^0.3.24
340 silly packumentCache full:https://registry.npmjs.org/@jridgewell%2ftrace-mapping cache-hit
341 silly fetch manifest ms@^2.1.3
342 silly packumentCache full:https://registry.npmjs.org/ms cache-miss
343 http cache https://registry.npmjs.org/browserslist 106ms (cache hit)
344 silly packumentCache full:https://registry.npmjs.org/browserslist set size:502989 disposed:false
345 http cache https://registry.npmjs.org/@babel%2fcompat-data 120ms (cache hit)
346 silly packumentCache full:https://registry.npmjs.org/@babel%2fcompat-data set size:305632 disposed:false
347 http cache https://registry.npmjs.org/@babel%2fhelper-module-imports 119ms (cache hit)
348 silly packumentCache full:https://registry.npmjs.org/@babel%2fhelper-module-imports set size:193449 disposed:false
349 http cache https://registry.npmjs.org/@babel%2fhelper-string-parser 106ms (cache hit)
350 silly packumentCache full:https://registry.npmjs.org/@babel%2fhelper-string-parser set size:82028 disposed:false
351 http cache https://registry.npmjs.org/@babel%2fhelper-validator-option 144ms (cache hit)
352 silly packumentCache full:https://registry.npmjs.org/@babel%2fhelper-validator-option set size:92248 disposed:false
353 http cache https://registry.npmjs.org/@babel%2fhelper-globals 124ms (cache hit)
354 silly packumentCache full:https://registry.npmjs.org/@babel%2fhelper-globals set size:15475 disposed:false
355 http cache https://registry.npmjs.org/ms 101ms (cache hit)
356 silly packumentCache full:https://registry.npmjs.org/ms set size:92208 disposed:false
357 silly placeDep ROOT @babel/helper-validator-identifier@7.28.5 OK for: @babel/code-frame@7.29.0 want: ^7.28.5
358 silly placeDep ROOT js-tokens@4.0.0 OK for: @babel/code-frame@7.29.0 want: ^4.0.0
359 silly placeDep ROOT picocolors@1.1.1 OK for: @babel/code-frame@7.29.0 want: ^1.1.1
360 silly placeDep ROOT @jridgewell/gen-mapping@0.3.13 OK for: @babel/generator@7.29.1 want: ^0.3.12
361 silly placeDep ROOT @jridgewell/trace-mapping@0.3.31 OK for: @babel/generator@7.29.1 want: ^0.3.28
362 silly placeDep ROOT jsesc@3.1.0 OK for: @babel/generator@7.29.1 want: ^3.0.2
363 silly fetch manifest @jridgewell/sourcemap-codec@^1.5.0
364 silly packumentCache full:https://registry.npmjs.org/@jridgewell%2fsourcemap-codec cache-miss
365 silly fetch manifest @jridgewell/resolve-uri@^3.1.0
366 silly packumentCache full:https://registry.npmjs.org/@jridgewell%2fresolve-uri cache-miss
367 silly fetch manifest @jridgewell/sourcemap-codec@^1.4.14
368 silly packumentCache full:https://registry.npmjs.org/@jridgewell%2fsourcemap-codec cache-miss
369 http cache https://registry.npmjs.org/@jridgewell%2fsourcemap-codec 31ms (cache hit)
370 silly packumentCache full:https://registry.npmjs.org/@jridgewell%2fsourcemap-codec set size:59275 disposed:false
371 http cache https://registry.npmjs.org/@jridgewell%2fresolve-uri 34ms (cache hit)
372 silly packumentCache full:https://registry.npmjs.org/@jridgewell%2fresolve-uri set size:57361 disposed:false
373 http cache https://registry.npmjs.org/@jridgewell%2fsourcemap-codec 36ms (cache hit)
374 silly packumentCache full:https://registry.npmjs.org/@jridgewell%2fsourcemap-codec set size:59275 disposed:false
375 silly packumentCache full:https://registry.npmjs.org/@jridgewell%2fsourcemap-codec dispose
376 silly placeDep ROOT @babel/compat-data@7.29.0 OK for: @babel/helper-compilation-targets@7.28.6 want: ^7.28.6
377 silly placeDep ROOT @babel/helper-validator-option@7.27.1 OK for: @babel/helper-compilation-targets@7.28.6 want: ^7.27.1
378 silly placeDep ROOT browserslist@4.28.1 OK for: @babel/helper-compilation-targets@7.28.6 want: ^4.24.0
379 silly placeDep ROOT lru-cache@5.1.1 OK for: @babel/helper-compilation-targets@7.28.6 want: ^5.1.1
380 silly fetch manifest baseline-browser-mapping@^2.9.0
381 silly packumentCache full:https://registry.npmjs.org/baseline-browser-mapping cache-miss
382 silly fetch manifest caniuse-lite@^1.0.30001759
383 silly packumentCache full:https://registry.npmjs.org/caniuse-lite cache-miss
384 silly fetch manifest electron-to-chromium@^1.5.263
385 silly packumentCache full:https://registry.npmjs.org/electron-to-chromium cache-miss
386 silly fetch manifest node-releases@^2.0.27
387 silly packumentCache full:https://registry.npmjs.org/node-releases cache-miss
388 silly fetch manifest update-browserslist-db@^1.2.0
389 silly packumentCache full:https://registry.npmjs.org/update-browserslist-db cache-miss
390 silly fetch manifest yallist@^3.0.2
391 silly packumentCache full:https://registry.npmjs.org/yallist cache-miss
392 http cache https://registry.npmjs.org/caniuse-lite 53ms (cache hit)
393 silly packumentCache full:https://registry.npmjs.org/caniuse-lite set size:2270921 disposed:false
394 http cache https://registry.npmjs.org/baseline-browser-mapping 85ms (cache hit)
395 silly packumentCache full:https://registry.npmjs.org/baseline-browser-mapping set size:409317 disposed:false
396 http cache https://registry.npmjs.org/electron-to-chromium 104ms (cache hit)
397 silly packumentCache full:https://registry.npmjs.org/electron-to-chromium set size:4725342 disposed:false
398 http cache https://registry.npmjs.org/yallist 162ms (cache hit)
399 silly packumentCache full:https://registry.npmjs.org/yallist set size:34610 disposed:false
400 http cache https://registry.npmjs.org/node-releases 172ms (cache hit)
401 silly packumentCache full:https://registry.npmjs.org/node-releases set size:270656 disposed:false
402 http cache https://registry.npmjs.org/update-browserslist-db 177ms (cache hit)
403 silly packumentCache full:https://registry.npmjs.org/update-browserslist-db set size:62000 disposed:false
404 silly placeDep ROOT @babel/helper-module-imports@7.28.6 OK for: @babel/helper-module-transforms@7.28.6 want: ^7.28.6
405 silly placeDep ROOT @babel/helper-plugin-utils@7.28.6 OK for: @babel/plugin-transform-react-jsx-self@7.27.1 want: ^7.27.1
406 silly placeDep ROOT @babel/helper-globals@7.28.0 OK for: @babel/traverse@7.29.0 want: ^7.28.0
407 silly placeDep ROOT @babel/helper-string-parser@7.27.1 OK for: @babel/types@7.29.0 want: ^7.27.1
408 silly placeDep ROOT @jridgewell/sourcemap-codec@1.5.5 OK for: @jridgewell/gen-mapping@0.3.13 want: ^1.5.0
409 silly placeDep ROOT @jridgewell/resolve-uri@3.1.2 OK for: @jridgewell/trace-mapping@0.3.31 want: ^3.1.0
410 silly placeDep ROOT @types/babel__generator@7.27.0 OK for: @types/babel__core@7.20.5 want: *
411 silly placeDep ROOT @types/babel__template@7.4.4 OK for: @types/babel__core@7.20.5 want: *
412 silly placeDep ROOT @types/babel__traverse@7.28.0 OK for: @types/babel__core@7.20.5 want: *
413 silly fetch manifest browserslist@>= 4.21.0
414 silly packumentCache full:https://registry.npmjs.org/browserslist cache-hit
415 silly placeDep ROOT baseline-browser-mapping@2.10.10 OK for: browserslist@4.28.1 want: ^2.9.0
416 silly placeDep ROOT caniuse-lite@1.0.30001780 OK for: browserslist@4.28.1 want: ^1.0.30001759
417 silly placeDep ROOT electron-to-chromium@1.5.321 OK for: browserslist@4.28.1 want: ^1.5.263
418 silly placeDep ROOT node-releases@2.0.36 OK for: browserslist@4.28.1 want: ^2.0.27
419 silly placeDep ROOT update-browserslist-db@1.2.3 OK for: browserslist@4.28.1 want: ^1.2.0
420 silly fetch manifest escalade@^3.2.0
421 silly packumentCache full:https://registry.npmjs.org/escalade cache-miss
422 http cache https://registry.npmjs.org/escalade 19ms (cache hit)
423 silly packumentCache full:https://registry.npmjs.org/escalade set size:33724 disposed:false
424 silly placeDep ROOT ms@2.1.3 OK for: debug@4.4.3 want: ^2.1.3
425 silly placeDep ROOT yallist@3.1.1 OK for: lru-cache@5.1.1 want: ^3.0.2
426 silly placeDep ROOT loose-envify@1.4.0 OK for: react@18.3.1 want: ^1.1.0
427 silly placeDep ROOT scheduler@0.23.2 OK for: react-dom@18.3.1 want: ^0.23.2
428 silly fetch manifest react@>=16.8
429 silly packumentCache full:https://registry.npmjs.org/react cache-miss
430 http cache https://registry.npmjs.org/react 77ms (cache hit)
431 silly packumentCache full:https://registry.npmjs.org/react set size:6555426 disposed:false
432 silly placeDep ROOT @remix-run/router@1.23.2 OK for: react-router-dom@6.30.3 want: 1.23.2
433 silly placeDep ROOT react-router@6.30.3 OK for: react-router-dom@6.30.3 want: 6.30.3
434 silly placeDep ROOT escalade@3.2.0 OK for: update-browserslist-db@1.2.3 want: ^3.2.0
435 silly placeDep ROOT esbuild@0.25.12 OK for: vite@6.4.1 want: ^0.25.0
436 silly placeDep ROOT fdir@6.5.0 OK for: vite@6.4.1 want: ^6.4.4
437 silly placeDep ROOT fsevents@2.3.3 OK for: vite@6.4.1 want: ~2.3.3
438 silly placeDep ROOT picomatch@4.0.3 OK for: vite@6.4.1 want: ^4.0.2
439 silly placeDep ROOT postcss@8.5.8 OK for: vite@6.4.1 want: ^8.5.3
440 silly placeDep ROOT rollup@4.60.0 OK for: vite@6.4.1 want: ^4.34.9
441 silly placeDep ROOT tinyglobby@0.2.15 OK for: vite@6.4.1 want: ^0.2.13
442 silly fetch manifest @esbuild/aix-ppc64@0.25.12
443 silly packumentCache full:https://registry.npmjs.org/@esbuild%2faix-ppc64 cache-miss
444 silly fetch manifest @esbuild/linux-arm@0.25.12
445 silly packumentCache full:https://registry.npmjs.org/@esbuild%2flinux-arm cache-miss
446 silly fetch manifest @esbuild/linux-x64@0.25.12
447 silly packumentCache full:https://registry.npmjs.org/@esbuild%2flinux-x64 cache-miss
448 silly fetch manifest @esbuild/sunos-x64@0.25.12
449 silly packumentCache full:https://registry.npmjs.org/@esbuild%2fsunos-x64 cache-miss
450 silly fetch manifest @esbuild/win32-x64@0.25.12
451 silly packumentCache full:https://registry.npmjs.org/@esbuild%2fwin32-x64 cache-miss
452 silly fetch manifest @esbuild/darwin-x64@0.25.12
453 silly packumentCache full:https://registry.npmjs.org/@esbuild%2fdarwin-x64 cache-miss
454 silly fetch manifest @esbuild/linux-ia32@0.25.12
455 silly packumentCache full:https://registry.npmjs.org/@esbuild%2flinux-ia32 cache-miss
456 http cache https://registry.npmjs.org/@esbuild%2flinux-arm 179ms (cache hit)
457 silly packumentCache full:https://registry.npmjs.org/@esbuild%2flinux-arm set size:188561 disposed:false
458 silly fetch manifest @esbuild/netbsd-x64@0.25.12
459 silly packumentCache full:https://registry.npmjs.org/@esbuild%2fnetbsd-x64 cache-miss
460 http cache https://registry.npmjs.org/@esbuild%2fsunos-x64 193ms (cache hit)
461 silly packumentCache full:https://registry.npmjs.org/@esbuild%2fsunos-x64 set size:189123 disposed:false
462 silly fetch manifest @esbuild/win32-ia32@0.25.12
463 silly packumentCache full:https://registry.npmjs.org/@esbuild%2fwin32-ia32 cache-miss
464 http cache https://registry.npmjs.org/@esbuild%2faix-ppc64 214ms (cache hit)
465 silly packumentCache full:https://registry.npmjs.org/@esbuild%2faix-ppc64 set size:57686 disposed:false
466 silly fetch manifest @esbuild/android-arm@0.25.12
467 silly packumentCache full:https://registry.npmjs.org/@esbuild%2fandroid-arm cache-miss
468 http cache https://registry.npmjs.org/@esbuild%2flinux-ia32 217ms (cache hit)
469 silly packumentCache full:https://registry.npmjs.org/@esbuild%2flinux-ia32 set size:189532 disposed:false
470 silly fetch manifest @esbuild/android-x64@0.25.12
471 silly packumentCache full:https://registry.npmjs.org/@esbuild%2fandroid-x64 cache-miss
472 http cache https://registry.npmjs.org/@esbuild%2flinux-x64 245ms (cache hit)
473 silly packumentCache full:https://registry.npmjs.org/@esbuild%2flinux-x64 set size:188891 disposed:false
474 silly fetch manifest @esbuild/freebsd-x64@0.25.12
475 silly packumentCache full:https://registry.npmjs.org/@esbuild%2ffreebsd-x64 cache-miss
476 http cache https://registry.npmjs.org/@esbuild%2fdarwin-x64 259ms (cache hit)
477 silly packumentCache full:https://registry.npmjs.org/@esbuild%2fdarwin-x64 set size:189577 disposed:false
478 silly fetch manifest @esbuild/linux-arm64@0.25.12
479 silly packumentCache full:https://registry.npmjs.org/@esbuild%2flinux-arm64 cache-miss
480 http cache https://registry.npmjs.org/@esbuild%2fwin32-x64 283ms (cache hit)
481 silly packumentCache full:https://registry.npmjs.org/@esbuild%2fwin32-x64 set size:189125 disposed:false
482 silly fetch manifest @esbuild/linux-ppc64@0.25.12
483 silly packumentCache full:https://registry.npmjs.org/@esbuild%2flinux-ppc64 cache-miss
484 http cache https://registry.npmjs.org/@esbuild%2fandroid-arm 224ms (cache hit)
485 silly packumentCache full:https://registry.npmjs.org/@esbuild%2fandroid-arm set size:215153 disposed:false
486 silly fetch manifest @esbuild/linux-s390x@0.25.12
487 silly packumentCache full:https://registry.npmjs.org/@esbuild%2flinux-s390x cache-miss
488 http cache https://registry.npmjs.org/@esbuild%2fwin32-ia32 255ms (cache hit)
489 silly packumentCache full:https://registry.npmjs.org/@esbuild%2fwin32-ia32 set size:189750 disposed:false
490 silly fetch manifest @esbuild/openbsd-x64@0.25.12
491 silly packumentCache full:https://registry.npmjs.org/@esbuild%2fopenbsd-x64 cache-miss
492 http cache https://registry.npmjs.org/@esbuild%2fandroid-x64 247ms (cache hit)
493 silly packumentCache full:https://registry.npmjs.org/@esbuild%2fandroid-x64 set size:188956 disposed:false
494 silly fetch manifest @esbuild/win32-arm64@0.25.12
495 silly packumentCache full:https://registry.npmjs.org/@esbuild%2fwin32-arm64 cache-miss
496 http cache https://registry.npmjs.org/@esbuild%2ffreebsd-x64 241ms (cache hit)
497 silly packumentCache full:https://registry.npmjs.org/@esbuild%2ffreebsd-x64 set size:190419 disposed:false
498 silly fetch manifest @esbuild/darwin-arm64@0.25.12
499 silly packumentCache full:https://registry.npmjs.org/@esbuild%2fdarwin-arm64 cache-miss
500 http cache https://registry.npmjs.org/@esbuild%2fnetbsd-x64 324ms (cache hit)
501 silly packumentCache full:https://registry.npmjs.org/@esbuild%2fnetbsd-x64 set size:187362 disposed:false
502 silly fetch manifest @esbuild/netbsd-arm64@0.25.12
503 silly packumentCache full:https://registry.npmjs.org/@esbuild%2fnetbsd-arm64 cache-miss
504 http cache https://registry.npmjs.org/@esbuild%2flinux-ppc64 235ms (cache hit)
505 silly packumentCache full:https://registry.npmjs.org/@esbuild%2flinux-ppc64 set size:192578 disposed:false
506 silly fetch manifest @esbuild/android-arm64@0.25.12
507 silly packumentCache full:https://registry.npmjs.org/@esbuild%2fandroid-arm64 cache-miss
508 http cache https://registry.npmjs.org/@esbuild%2flinux-arm64 263ms (cache hit)
509 silly packumentCache full:https://registry.npmjs.org/@esbuild%2flinux-arm64 set size:190613 disposed:false
510 silly fetch manifest @esbuild/freebsd-arm64@0.25.12
511 silly packumentCache full:https://registry.npmjs.org/@esbuild%2ffreebsd-arm64 cache-miss
512 http cache https://registry.npmjs.org/@esbuild%2fopenbsd-x64 207ms (cache hit)
513 silly packumentCache full:https://registry.npmjs.org/@esbuild%2fopenbsd-x64 set size:190425 disposed:false
514 silly fetch manifest @esbuild/linux-loong64@0.25.12
515 silly packumentCache full:https://registry.npmjs.org/@esbuild%2flinux-loong64 cache-miss
516 http cache https://registry.npmjs.org/@esbuild%2flinux-s390x 248ms (cache hit)
517 silly packumentCache full:https://registry.npmjs.org/@esbuild%2flinux-s390x set size:192070 disposed:false
518 silly fetch manifest @esbuild/linux-riscv64@0.25.12
519 silly packumentCache full:https://registry.npmjs.org/@esbuild%2flinux-riscv64 cache-miss
520 http cache https://registry.npmjs.org/@esbuild%2fwin32-arm64 232ms (cache hit)
521 silly packumentCache full:https://registry.npmjs.org/@esbuild%2fwin32-arm64 set size:190835 disposed:false
522 silly fetch manifest @esbuild/openbsd-arm64@0.25.12
523 silly packumentCache full:https://registry.npmjs.org/@esbuild%2fopenbsd-arm64 cache-miss
524 http cache https://registry.npmjs.org/@esbuild%2fdarwin-arm64 237ms (cache hit)
525 silly packumentCache full:https://registry.npmjs.org/@esbuild%2fdarwin-arm64 set size:191268 disposed:false
526 silly fetch manifest @esbuild/linux-mips64el@0.25.12
527 silly packumentCache full:https://registry.npmjs.org/@esbuild%2flinux-mips64el cache-miss
528 http cache https://registry.npmjs.org/@esbuild%2ffreebsd-arm64 189ms (cache hit)
529 silly packumentCache full:https://registry.npmjs.org/@esbuild%2ffreebsd-arm64 set size:192128 disposed:false
530 silly fetch manifest @esbuild/openharmony-arm64@0.25.12
531 silly packumentCache full:https://registry.npmjs.org/@esbuild%2fopenharmony-arm64 cache-miss
532 http cache https://registry.npmjs.org/@esbuild%2fnetbsd-arm64 247ms (cache hit)
533 silly packumentCache full:https://registry.npmjs.org/@esbuild%2fnetbsd-arm64 set size:34101 disposed:false
534 silly fetch manifest nanoid@^3.3.11
535 silly packumentCache full:https://registry.npmjs.org/nanoid cache-miss
536 http cache https://registry.npmjs.org/@esbuild%2fandroid-arm64 239ms (cache hit)
537 silly packumentCache full:https://registry.npmjs.org/@esbuild%2fandroid-arm64 set size:193961 disposed:false
538 silly fetch manifest source-map-js@^1.2.1
539 silly packumentCache full:https://registry.npmjs.org/source-map-js cache-miss
540 http cache https://registry.npmjs.org/@esbuild%2flinux-riscv64 118ms (cache hit)
541 silly packumentCache full:https://registry.npmjs.org/@esbuild%2flinux-riscv64 set size:192251 disposed:false
542 silly fetch manifest @types/estree@1.0.8
543 silly packumentCache full:https://registry.npmjs.org/@types%2festree cache-miss
544 http cache https://registry.npmjs.org/@esbuild%2flinux-loong64 149ms (cache hit)
545 silly packumentCache full:https://registry.npmjs.org/@esbuild%2flinux-loong64 set size:245468 disposed:false
546 silly fetch manifest @rollup/rollup-darwin-arm64@4.60.0
547 silly packumentCache full:https://registry.npmjs.org/@rollup%2frollup-darwin-arm64 cache-miss
548 http cache https://registry.npmjs.org/nanoid 77ms (cache hit)
549 silly packumentCache full:https://registry.npmjs.org/nanoid set size:300313 disposed:false
550 silly fetch manifest @rollup/rollup-android-arm64@4.60.0
551 silly packumentCache full:https://registry.npmjs.org/@rollup%2frollup-android-arm64 cache-miss
552 http cache https://registry.npmjs.org/@esbuild%2flinux-mips64el 124ms (cache hit)
553 silly packumentCache full:https://registry.npmjs.org/@esbuild%2flinux-mips64el set size:194259 disposed:false
554 silly fetch manifest @rollup/rollup-win32-arm64-msvc@4.60.0
555 silly packumentCache full:https://registry.npmjs.org/@rollup%2frollup-win32-arm64-msvc cache-miss
556 http cache https://registry.npmjs.org/@esbuild%2fopenbsd-arm64 150ms (cache hit)
557 silly packumentCache full:https://registry.npmjs.org/@esbuild%2fopenbsd-arm64 set size:39385 disposed:false
558 silly fetch manifest @rollup/rollup-freebsd-arm64@4.60.0
559 silly packumentCache full:https://registry.npmjs.org/@rollup%2frollup-freebsd-arm64 cache-miss
560 http cache https://registry.npmjs.org/@esbuild%2fopenharmony-arm64 128ms (cache hit)
561 silly packumentCache full:https://registry.npmjs.org/@esbuild%2fopenharmony-arm64 set size:22704 disposed:false
562 silly fetch manifest @rollup/rollup-linux-arm64-gnu@4.60.0
563 silly packumentCache full:https://registry.npmjs.org/@rollup%2frollup-linux-arm64-gnu cache-miss
564 http cache https://registry.npmjs.org/source-map-js 115ms (cache hit)
565 silly packumentCache full:https://registry.npmjs.org/source-map-js set size:62640 disposed:false
566 silly fetch manifest @rollup/rollup-linux-arm64-musl@4.60.0
567 silly packumentCache full:https://registry.npmjs.org/@rollup%2frollup-linux-arm64-musl cache-miss
568 http cache https://registry.npmjs.org/@rollup%2frollup-darwin-arm64 106ms (cache hit)
569 silly packumentCache full:https://registry.npmjs.org/@rollup%2frollup-darwin-arm64 set size:330305 disposed:false
570 silly fetch manifest @rollup/rollup-android-arm-eabi@4.60.0
571 silly packumentCache full:https://registry.npmjs.org/@rollup%2frollup-android-arm-eabi cache-miss
572 http cache https://registry.npmjs.org/@types%2festree 128ms (cache hit)
573 silly packumentCache full:https://registry.npmjs.org/@types%2festree set size:74091 disposed:false
574 silly fetch manifest @rollup/rollup-linux-arm-gnueabihf@4.60.0
575 silly packumentCache full:https://registry.npmjs.org/@rollup%2frollup-linux-arm-gnueabihf cache-miss
576 http cache https://registry.npmjs.org/@rollup%2frollup-win32-arm64-msvc 95ms (cache hit)
577 silly packumentCache full:https://registry.npmjs.org/@rollup%2frollup-win32-arm64-msvc set size:335092 disposed:false
578 silly fetch manifest @rollup/rollup-linux-arm-musleabihf@4.60.0
579 silly packumentCache full:https://registry.npmjs.org/@rollup%2frollup-linux-arm-musleabihf cache-miss
580 http cache https://registry.npmjs.org/@rollup%2frollup-android-arm64 122ms (cache hit)
581 silly packumentCache full:https://registry.npmjs.org/@rollup%2frollup-android-arm64 set size:331771 disposed:false
582 silly fetch manifest @rollup/rollup-win32-ia32-msvc@4.60.0
583 silly packumentCache full:https://registry.npmjs.org/@rollup%2frollup-win32-ia32-msvc cache-miss
584 http cache https://registry.npmjs.org/@rollup%2frollup-freebsd-arm64 113ms (cache hit)
585 silly packumentCache full:https://registry.npmjs.org/@rollup%2frollup-freebsd-arm64 set size:179976 disposed:false
586 silly fetch manifest @rollup/rollup-linux-loong64-gnu@4.60.0
587 silly packumentCache full:https://registry.npmjs.org/@rollup%2frollup-linux-loong64-gnu cache-miss
588 http cache https://registry.npmjs.org/@rollup%2frollup-linux-arm64-musl 104ms (cache hit)
589 silly packumentCache full:https://registry.npmjs.org/@rollup%2frollup-linux-arm64-musl set size:292661 disposed:false
590 silly fetch manifest @rollup/rollup-linux-loong64-musl@4.60.0
591 silly packumentCache full:https://registry.npmjs.org/@rollup%2frollup-linux-loong64-musl cache-miss
592 http cache https://registry.npmjs.org/@rollup%2frollup-linux-arm64-gnu 125ms (cache hit)
593 silly packumentCache full:https://registry.npmjs.org/@rollup%2frollup-linux-arm64-gnu set size:337301 disposed:false
594 silly fetch manifest @rollup/rollup-linux-riscv64-gnu@4.60.0
595 silly packumentCache full:https://registry.npmjs.org/@rollup%2frollup-linux-riscv64-gnu cache-miss
596 http cache https://registry.npmjs.org/@rollup%2frollup-android-arm-eabi 129ms (cache hit)
597 silly packumentCache full:https://registry.npmjs.org/@rollup%2frollup-android-arm-eabi set size:335098 disposed:false
598 silly fetch manifest @rollup/rollup-linux-riscv64-musl@4.60.0
599 silly packumentCache full:https://registry.npmjs.org/@rollup%2frollup-linux-riscv64-musl cache-miss
600 http cache https://registry.npmjs.org/@rollup%2frollup-linux-arm-musleabihf 130ms (cache hit)
601 silly packumentCache full:https://registry.npmjs.org/@rollup%2frollup-linux-arm-musleabihf set size:234842 disposed:false
602 silly fetch manifest @rollup/rollup-linux-ppc64-gnu@4.60.0
603 silly packumentCache full:https://registry.npmjs.org/@rollup%2frollup-linux-ppc64-gnu cache-miss
604 http cache https://registry.npmjs.org/@rollup%2frollup-linux-arm-gnueabihf 163ms (cache hit)
605 silly packumentCache full:https://registry.npmjs.org/@rollup%2frollup-linux-arm-gnueabihf set size:340690 disposed:false
606 silly fetch manifest @rollup/rollup-linux-ppc64-musl@4.60.0
607 silly packumentCache full:https://registry.npmjs.org/@rollup%2frollup-linux-ppc64-musl cache-miss
608 http cache https://registry.npmjs.org/@rollup%2frollup-linux-loong64-gnu 148ms (cache hit)
609 silly packumentCache full:https://registry.npmjs.org/@rollup%2frollup-linux-loong64-gnu set size:61695 disposed:false
610 silly fetch manifest @rollup/rollup-linux-s390x-gnu@4.60.0
611 silly packumentCache full:https://registry.npmjs.org/@rollup%2frollup-linux-s390x-gnu cache-miss
612 http cache https://registry.npmjs.org/@rollup%2frollup-linux-loong64-musl 145ms (cache hit)
613 silly packumentCache full:https://registry.npmjs.org/@rollup%2frollup-linux-loong64-musl set size:23676 disposed:false
614 silly fetch manifest @rollup/rollup-darwin-x64@4.60.0
615 silly packumentCache full:https://registry.npmjs.org/@rollup%2frollup-darwin-x64 cache-miss
616 http cache https://registry.npmjs.org/@rollup%2frollup-win32-ia32-msvc 172ms (cache hit)
617 silly packumentCache full:https://registry.npmjs.org/@rollup%2frollup-win32-ia32-msvc set size:333639 disposed:false
618 silly fetch manifest @rollup/rollup-win32-x64-gnu@4.60.0
619 silly packumentCache full:https://registry.npmjs.org/@rollup%2frollup-win32-x64-gnu cache-miss
620 http cache https://registry.npmjs.org/@rollup%2frollup-linux-riscv64-gnu 150ms (cache hit)
621 silly packumentCache full:https://registry.npmjs.org/@rollup%2frollup-linux-riscv64-gnu set size:263379 disposed:false
622 silly fetch manifest @rollup/rollup-win32-x64-msvc@4.60.0
623 silly packumentCache full:https://registry.npmjs.org/@rollup%2frollup-win32-x64-msvc cache-miss
624 http cache https://registry.npmjs.org/@rollup%2frollup-linux-riscv64-musl 120ms (cache hit)
625 silly packumentCache full:https://registry.npmjs.org/@rollup%2frollup-linux-riscv64-musl set size:109341 disposed:false
626 silly fetch manifest @rollup/rollup-freebsd-x64@4.60.0
627 silly packumentCache full:https://registry.npmjs.org/@rollup%2frollup-freebsd-x64 cache-miss
628 http cache https://registry.npmjs.org/@rollup%2frollup-linux-ppc64-gnu 116ms (cache hit)
629 silly packumentCache full:https://registry.npmjs.org/@rollup%2frollup-linux-ppc64-gnu set size:81977 disposed:false
630 silly fetch manifest @rollup/rollup-linux-x64-gnu@4.60.0
631 silly packumentCache full:https://registry.npmjs.org/@rollup%2frollup-linux-x64-gnu cache-miss
632 http cache https://registry.npmjs.org/@rollup%2frollup-linux-ppc64-musl 100ms (cache hit)
633 silly packumentCache full:https://registry.npmjs.org/@rollup%2frollup-linux-ppc64-musl set size:23479 disposed:false
634 silly fetch manifest @rollup/rollup-linux-x64-musl@4.60.0
635 silly packumentCache full:https://registry.npmjs.org/@rollup%2frollup-linux-x64-musl cache-miss
636 http cache https://registry.npmjs.org/@rollup%2frollup-win32-x64-msvc 72ms (cache hit)
637 silly packumentCache full:https://registry.npmjs.org/@rollup%2frollup-win32-x64-msvc set size:330321 disposed:false
638 silly fetch manifest @rollup/rollup-openbsd-x64@4.60.0
639 silly packumentCache full:https://registry.npmjs.org/@rollup%2frollup-openbsd-x64 cache-miss
640 http cache https://registry.npmjs.org/@rollup%2frollup-linux-s390x-gnu 115ms (cache hit)
641 silly packumentCache full:https://registry.npmjs.org/@rollup%2frollup-linux-s390x-gnu set size:237146 disposed:false
642 silly fetch manifest @rollup/rollup-openharmony-arm64@4.60.0
643 silly packumentCache full:https://registry.npmjs.org/@rollup%2frollup-openharmony-arm64 cache-miss
644 http cache https://registry.npmjs.org/@rollup%2frollup-win32-x64-gnu 108ms (cache hit)
645 silly packumentCache full:https://registry.npmjs.org/@rollup%2frollup-win32-x64-gnu set size:53430 disposed:false
646 http cache https://registry.npmjs.org/@rollup%2frollup-darwin-x64 128ms (cache hit)
647 silly packumentCache full:https://registry.npmjs.org/@rollup%2frollup-darwin-x64 set size:325565 disposed:false
648 http cache https://registry.npmjs.org/@rollup%2frollup-freebsd-x64 104ms (cache hit)
649 silly packumentCache full:https://registry.npmjs.org/@rollup%2frollup-freebsd-x64 set size:178134 disposed:false
650 http cache https://registry.npmjs.org/@rollup%2frollup-linux-x64-gnu 102ms (cache hit)
651 silly packumentCache full:https://registry.npmjs.org/@rollup%2frollup-linux-x64-gnu set size:332499 disposed:false
652 http cache https://registry.npmjs.org/@rollup%2frollup-openbsd-x64 92ms (cache hit)
653 silly packumentCache full:https://registry.npmjs.org/@rollup%2frollup-openbsd-x64 set size:22873 disposed:false
654 http cache https://registry.npmjs.org/@rollup%2frollup-openharmony-arm64 83ms (cache hit)
655 silly packumentCache full:https://registry.npmjs.org/@rollup%2frollup-openharmony-arm64 set size:62626 disposed:false
656 http cache https://registry.npmjs.org/@rollup%2frollup-linux-x64-musl 116ms (cache hit)
657 silly packumentCache full:https://registry.npmjs.org/@rollup%2frollup-linux-x64-musl set size:331827 disposed:false
658 silly placeDep ROOT @esbuild/aix-ppc64@0.25.12 OK for: esbuild@0.25.12 want: 0.25.12
659 silly placeDep ROOT @esbuild/android-arm@0.25.12 OK for: esbuild@0.25.12 want: 0.25.12
660 silly placeDep ROOT @esbuild/android-arm64@0.25.12 OK for: esbuild@0.25.12 want: 0.25.12
661 silly placeDep ROOT @esbuild/android-x64@0.25.12 OK for: esbuild@0.25.12 want: 0.25.12
662 silly placeDep ROOT @esbuild/darwin-arm64@0.25.12 OK for: esbuild@0.25.12 want: 0.25.12
663 silly placeDep ROOT @esbuild/darwin-x64@0.25.12 OK for: esbuild@0.25.12 want: 0.25.12
664 silly placeDep ROOT @esbuild/freebsd-arm64@0.25.12 OK for: esbuild@0.25.12 want: 0.25.12
665 silly placeDep ROOT @esbuild/freebsd-x64@0.25.12 OK for: esbuild@0.25.12 want: 0.25.12
666 silly placeDep ROOT @esbuild/linux-arm@0.25.12 OK for: esbuild@0.25.12 want: 0.25.12
667 silly placeDep ROOT @esbuild/linux-arm64@0.25.12 OK for: esbuild@0.25.12 want: 0.25.12
668 silly placeDep ROOT @esbuild/linux-ia32@0.25.12 OK for: esbuild@0.25.12 want: 0.25.12
669 silly placeDep ROOT @esbuild/linux-loong64@0.25.12 OK for: esbuild@0.25.12 want: 0.25.12
670 silly placeDep ROOT @esbuild/linux-mips64el@0.25.12 OK for: esbuild@0.25.12 want: 0.25.12
671 silly placeDep ROOT @esbuild/linux-ppc64@0.25.12 OK for: esbuild@0.25.12 want: 0.25.12
672 silly placeDep ROOT @esbuild/linux-riscv64@0.25.12 OK for: esbuild@0.25.12 want: 0.25.12
673 silly placeDep ROOT @esbuild/linux-s390x@0.25.12 OK for: esbuild@0.25.12 want: 0.25.12
674 silly placeDep ROOT @esbuild/linux-x64@0.25.12 OK for: esbuild@0.25.12 want: 0.25.12
675 silly placeDep ROOT @esbuild/netbsd-arm64@0.25.12 OK for: esbuild@0.25.12 want: 0.25.12
676 silly placeDep ROOT @esbuild/netbsd-x64@0.25.12 OK for: esbuild@0.25.12 want: 0.25.12
677 silly placeDep ROOT @esbuild/openbsd-arm64@0.25.12 OK for: esbuild@0.25.12 want: 0.25.12
678 silly placeDep ROOT @esbuild/openbsd-x64@0.25.12 OK for: esbuild@0.25.12 want: 0.25.12
679 silly placeDep ROOT @esbuild/openharmony-arm64@0.25.12 OK for: esbuild@0.25.12 want: 0.25.12
680 silly placeDep ROOT @esbuild/sunos-x64@0.25.12 OK for: esbuild@0.25.12 want: 0.25.12
681 silly placeDep ROOT @esbuild/win32-arm64@0.25.12 OK for: esbuild@0.25.12 want: 0.25.12
682 silly placeDep ROOT @esbuild/win32-ia32@0.25.12 OK for: esbuild@0.25.12 want: 0.25.12
683 silly placeDep ROOT @esbuild/win32-x64@0.25.12 OK for: esbuild@0.25.12 want: 0.25.12
684 silly placeDep ROOT nanoid@3.3.11 OK for: postcss@8.5.8 want: ^3.3.11
685 silly placeDep ROOT source-map-js@1.2.1 OK for: postcss@8.5.8 want: ^1.2.1
686 silly placeDep ROOT @rollup/rollup-android-arm-eabi@4.60.0 OK for: rollup@4.60.0 want: 4.60.0
687 silly placeDep ROOT @rollup/rollup-android-arm64@4.60.0 OK for: rollup@4.60.0 want: 4.60.0
688 silly placeDep ROOT @rollup/rollup-darwin-arm64@4.60.0 OK for: rollup@4.60.0 want: 4.60.0
689 silly placeDep ROOT @rollup/rollup-darwin-x64@4.60.0 OK for: rollup@4.60.0 want: 4.60.0
690 silly placeDep ROOT @rollup/rollup-freebsd-arm64@4.60.0 OK for: rollup@4.60.0 want: 4.60.0
691 silly placeDep ROOT @rollup/rollup-freebsd-x64@4.60.0 OK for: rollup@4.60.0 want: 4.60.0
692 silly placeDep ROOT @rollup/rollup-linux-arm-gnueabihf@4.60.0 OK for: rollup@4.60.0 want: 4.60.0
693 silly placeDep ROOT @rollup/rollup-linux-arm-musleabihf@4.60.0 OK for: rollup@4.60.0 want: 4.60.0
694 silly placeDep ROOT @rollup/rollup-linux-arm64-gnu@4.60.0 OK for: rollup@4.60.0 want: 4.60.0
695 silly placeDep ROOT @rollup/rollup-linux-arm64-musl@4.60.0 OK for: rollup@4.60.0 want: 4.60.0
696 silly placeDep ROOT @rollup/rollup-linux-loong64-gnu@4.60.0 OK for: rollup@4.60.0 want: 4.60.0
697 silly placeDep ROOT @rollup/rollup-linux-loong64-musl@4.60.0 OK for: rollup@4.60.0 want: 4.60.0
698 silly placeDep ROOT @rollup/rollup-linux-ppc64-gnu@4.60.0 OK for: rollup@4.60.0 want: 4.60.0
699 silly placeDep ROOT @rollup/rollup-linux-ppc64-musl@4.60.0 OK for: rollup@4.60.0 want: 4.60.0
700 silly placeDep ROOT @rollup/rollup-linux-riscv64-gnu@4.60.0 OK for: rollup@4.60.0 want: 4.60.0
701 silly placeDep ROOT @rollup/rollup-linux-riscv64-musl@4.60.0 OK for: rollup@4.60.0 want: 4.60.0
702 silly placeDep ROOT @rollup/rollup-linux-s390x-gnu@4.60.0 OK for: rollup@4.60.0 want: 4.60.0
703 silly placeDep ROOT @rollup/rollup-linux-x64-gnu@4.60.0 OK for: rollup@4.60.0 want: 4.60.0
704 silly placeDep ROOT @rollup/rollup-linux-x64-musl@4.60.0 OK for: rollup@4.60.0 want: 4.60.0
705 silly placeDep ROOT @rollup/rollup-openbsd-x64@4.60.0 OK for: rollup@4.60.0 want: 4.60.0
706 silly placeDep ROOT @rollup/rollup-openharmony-arm64@4.60.0 OK for: rollup@4.60.0 want: 4.60.0
707 silly placeDep ROOT @rollup/rollup-win32-arm64-msvc@4.60.0 OK for: rollup@4.60.0 want: 4.60.0
708 silly placeDep ROOT @rollup/rollup-win32-ia32-msvc@4.60.0 OK for: rollup@4.60.0 want: 4.60.0
709 silly placeDep ROOT @rollup/rollup-win32-x64-gnu@4.60.0 OK for: rollup@4.60.0 want: 4.60.0
710 silly placeDep ROOT @rollup/rollup-win32-x64-msvc@4.60.0 OK for: rollup@4.60.0 want: 4.60.0
711 silly placeDep ROOT @types/estree@1.0.8 OK for: rollup@4.60.0 want: 1.0.8
712 silly reify moves {}
713 silly audit bulk request {
713 silly audit   '@types/react': [ '18.3.28' ],
713 silly audit   '@types/react-dom': [ '18.3.7' ],
713 silly audit   '@vitejs/plugin-react': [ '4.7.0' ],
713 silly audit   vite: [ '6.4.1' ],
713 silly audit   react: [ '18.3.1' ],
713 silly audit   'react-dom': [ '18.3.1' ],
713 silly audit   'react-router-dom': [ '6.30.3' ],
713 silly audit   typescript: [ '5.9.3' ],
713 silly audit   '@types/prop-types': [ '15.7.15' ],
713 silly audit   csstype: [ '3.2.3' ],
713 silly audit   '@babel/core': [ '7.29.0' ],
713 silly audit   '@babel/plugin-transform-react-jsx-self': [ '7.27.1' ],
713 silly audit   '@babel/plugin-transform-react-jsx-source': [ '7.27.1' ],
713 silly audit   '@rolldown/pluginutils': [ '1.0.0-beta.27' ],
713 silly audit   '@types/babel__core': [ '7.20.5' ],
713 silly audit   'react-refresh': [ '0.17.0' ],
713 silly audit   '@babel/code-frame': [ '7.29.0' ],
713 silly audit   '@babel/generator': [ '7.29.1' ],
713 silly audit   '@babel/helper-compilation-targets': [ '7.28.6' ],
713 silly audit   '@babel/helper-module-transforms': [ '7.28.6' ],
713 silly audit   '@babel/helpers': [ '7.29.2' ],
713 silly audit   '@babel/parser': [ '7.29.2' ],
713 silly audit   '@babel/template': [ '7.28.6' ],
713 silly audit   '@babel/traverse': [ '7.29.0' ],
713 silly audit   '@babel/types': [ '7.29.0' ],
713 silly audit   '@jridgewell/remapping': [ '2.3.5' ],
713 silly audit   'convert-source-map': [ '2.0.0' ],
713 silly audit   debug: [ '4.4.3' ],
713 silly audit   gensync: [ '1.0.0-beta.2' ],
713 silly audit   json5: [ '2.2.3' ],
713 silly audit   semver: [ '6.3.1' ],
713 silly audit   '@babel/helper-validator-identifier': [ '7.28.5' ],
713 silly audit   'js-tokens': [ '4.0.0' ],
713 silly audit   picocolors: [ '1.1.1' ],
713 silly audit   '@jridgewell/gen-mapping': [ '0.3.13' ],
713 silly audit   '@jridgewell/trace-mapping': [ '0.3.31' ],
713 silly audit   jsesc: [ '3.1.0' ],
713 silly audit   '@babel/compat-data': [ '7.29.0' ],
713 silly audit   '@babel/helper-validator-option': [ '7.27.1' ],
713 silly audit   browserslist: [ '4.28.1' ],
713 silly audit   'lru-cache': [ '5.1.1' ],
713 silly audit   '@babel/helper-module-imports': [ '7.28.6' ],
713 silly audit   '@babel/helper-plugin-utils': [ '7.28.6' ],
713 silly audit   '@babel/helper-globals': [ '7.28.0' ],
713 silly audit   '@babel/helper-string-parser': [ '7.27.1' ],
713 silly audit   '@jridgewell/sourcemap-codec': [ '1.5.5' ],
713 silly audit   '@jridgewell/resolve-uri': [ '3.1.2' ],
713 silly audit   '@types/babel__generator': [ '7.27.0' ],
713 silly audit   '@types/babel__template': [ '7.4.4' ],
713 silly audit   '@types/babel__traverse': [ '7.28.0' ],
713 silly audit   'baseline-browser-mapping': [ '2.10.10' ],
713 silly audit   'caniuse-lite': [ '1.0.30001780' ],
713 silly audit   'electron-to-chromium': [ '1.5.321' ],
713 silly audit   'node-releases': [ '2.0.36' ],
713 silly audit   'update-browserslist-db': [ '1.2.3' ],
713 silly audit   ms: [ '2.1.3' ],
713 silly audit   yallist: [ '3.1.1' ],
713 silly audit   'loose-envify': [ '1.4.0' ],
713 silly audit   scheduler: [ '0.23.2' ],
713 silly audit   '@remix-run/router': [ '1.23.2' ],
713 silly audit   'react-router': [ '6.30.3' ],
713 silly audit   escalade: [ '3.2.0' ],
713 silly audit   esbuild: [ '0.25.12' ],
713 silly audit   fdir: [ '6.5.0' ],
713 silly audit   fsevents: [ '2.3.3' ],
713 silly audit   picomatch: [ '4.0.3' ],
713 silly audit   postcss: [ '8.5.8' ],
713 silly audit   rollup: [ '4.60.0' ],
713 silly audit   tinyglobby: [ '0.2.15' ],
713 silly audit   '@esbuild/aix-ppc64': [ '0.25.12' ],
713 silly audit   '@esbuild/android-arm': [ '0.25.12' ],
713 silly audit   '@esbuild/android-arm64': [ '0.25.12' ],
713 silly audit   '@esbuild/android-x64': [ '0.25.12' ],
713 silly audit   '@esbuild/darwin-arm64': [ '0.25.12' ],
713 silly audit   '@esbuild/darwin-x64': [ '0.25.12' ],
713 silly audit   '@esbuild/freebsd-arm64': [ '0.25.12' ],
713 silly audit   '@esbuild/freebsd-x64': [ '0.25.12' ],
713 silly audit   '@esbuild/linux-arm': [ '0.25.12' ],
713 silly audit   '@esbuild/linux-arm64': [ '0.25.12' ],
713 silly audit   '@esbuild/linux-ia32': [ '0.25.12' ],
713 silly audit   '@esbuild/linux-loong64': [ '0.25.12' ],
713 silly audit   '@esbuild/linux-mips64el': [ '0.25.12' ],
713 silly audit   '@esbuild/linux-ppc64': [ '0.25.12' ],
713 silly audit   '@esbuild/linux-riscv64': [ '0.25.12' ],
713 silly audit   '@esbuild/linux-s390x': [ '0.25.12' ],
713 silly audit   '@esbuild/linux-x64': [ '0.25.12' ],
713 silly audit   '@esbuild/netbsd-arm64': [ '0.25.12' ],
713 silly audit   '@esbuild/netbsd-x64': [ '0.25.12' ],
713 silly audit   '@esbuild/openbsd-arm64': [ '0.25.12' ],
713 silly audit   '@esbuild/openbsd-x64': [ '0.25.12' ],
713 silly audit   '@esbuild/openharmony-arm64': [ '0.25.12' ],
713 silly audit   '@esbuild/sunos-x64': [ '0.25.12' ],
713 silly audit   '@esbuild/win32-arm64': [ '0.25.12' ],
713 silly audit   '@esbuild/win32-ia32': [ '0.25.12' ],
713 silly audit   '@esbuild/win32-x64': [ '0.25.12' ],
713 silly audit   nanoid: [ '3.3.11' ],
713 silly audit   'source-map-js': [ '1.2.1' ],
713 silly audit   '@rollup/rollup-android-arm-eabi': [ '4.60.0' ],
713 silly audit   '@rollup/rollup-android-arm64': [ '4.60.0' ],
713 silly audit   '@rollup/rollup-darwin-arm64': [ '4.60.0' ],
713 silly audit   '@rollup/rollup-darwin-x64': [ '4.60.0' ],
713 silly audit   '@rollup/rollup-freebsd-arm64': [ '4.60.0' ],
713 silly audit   '@rollup/rollup-freebsd-x64': [ '4.60.0' ],
713 silly audit   '@rollup/rollup-linux-arm-gnueabihf': [ '4.60.0' ],
713 silly audit   '@rollup/rollup-linux-arm-musleabihf': [ '4.60.0' ],
713 silly audit   '@rollup/rollup-linux-arm64-gnu': [ '4.60.0' ],
713 silly audit   '@rollup/rollup-linux-arm64-musl': [ '4.60.0' ],
713 silly audit   '@rollup/rollup-linux-loong64-gnu': [ '4.60.0' ],
713 silly audit   '@rollup/rollup-linux-loong64-musl': [ '4.60.0' ],
713 silly audit   '@rollup/rollup-linux-ppc64-gnu': [ '4.60.0' ],
713 silly audit   '@rollup/rollup-linux-ppc64-musl': [ '4.60.0' ],
713 silly audit   '@rollup/rollup-linux-riscv64-gnu': [ '4.60.0' ],
713 silly audit   '@rollup/rollup-linux-riscv64-musl': [ '4.60.0' ],
713 silly audit   '@rollup/rollup-linux-s390x-gnu': [ '4.60.0' ],
713 silly audit   '@rollup/rollup-linux-x64-gnu': [ '4.60.0' ],
713 silly audit   '@rollup/rollup-linux-x64-musl': [ '4.60.0' ],
713 silly audit   '@rollup/rollup-openbsd-x64': [ '4.60.0' ],
713 silly audit   '@rollup/rollup-openharmony-arm64': [ '4.60.0' ],
713 silly audit   '@rollup/rollup-win32-arm64-msvc': [ '4.60.0' ],
713 silly audit   '@rollup/rollup-win32-ia32-msvc': [ '4.60.0' ],
713 silly audit   '@rollup/rollup-win32-x64-gnu': [ '4.60.0' ],
713 silly audit   '@rollup/rollup-win32-x64-msvc': [ '4.60.0' ],
713 silly audit   '@types/estree': [ '1.0.8' ]
713 silly audit }
714 http cache @rollup/rollup-win32-x64-msvc@https://registry.npmjs.org/@rollup/rollup-win32-x64-msvc/-/rollup-win32-x64-msvc-4.60.0.tgz 1ms (cache hit)
715 http cache @types/estree@https://registry.npmjs.org/@types/estree/-/estree-1.0.8.tgz 0ms (cache hit)
716 http cache @rollup/rollup-win32-x64-gnu@https://registry.npmjs.org/@rollup/rollup-win32-x64-gnu/-/rollup-win32-x64-gnu-4.60.0.tgz 0ms (cache hit)
717 http cache nanoid@https://registry.npmjs.org/nanoid/-/nanoid-3.3.11.tgz 0ms (cache hit)
718 http cache @esbuild/win32-x64@https://registry.npmjs.org/@esbuild/win32-x64/-/win32-x64-0.25.12.tgz 0ms (cache hit)
719 http cache source-map-js@https://registry.npmjs.org/source-map-js/-/source-map-js-1.2.1.tgz 0ms (cache hit)
720 http cache tinyglobby@https://registry.npmjs.org/tinyglobby/-/tinyglobby-0.2.15.tgz 0ms (cache hit)
721 http cache postcss@https://registry.npmjs.org/postcss/-/postcss-8.5.8.tgz 0ms (cache hit)
722 http cache rollup@https://registry.npmjs.org/rollup/-/rollup-4.60.0.tgz 0ms (cache hit)
723 http cache esbuild@https://registry.npmjs.org/esbuild/-/esbuild-0.25.12.tgz 0ms (cache hit)
724 http cache picomatch@https://registry.npmjs.org/picomatch/-/picomatch-4.0.3.tgz 0ms (cache hit)
725 http cache fdir@https://registry.npmjs.org/fdir/-/fdir-6.5.0.tgz 0ms (cache hit)
726 http cache react-router@https://registry.npmjs.org/react-router/-/react-router-6.30.3.tgz 0ms (cache hit)
727 http cache escalade@https://registry.npmjs.org/escalade/-/escalade-3.2.0.tgz 0ms (cache hit)
728 http cache @remix-run/router@https://registry.npmjs.org/@remix-run/router/-/router-1.23.2.tgz 0ms (cache hit)
729 http cache scheduler@https://registry.npmjs.org/scheduler/-/scheduler-0.23.2.tgz 0ms (cache hit)
730 http cache yallist@https://registry.npmjs.org/yallist/-/yallist-3.1.1.tgz 0ms (cache hit)
731 http cache loose-envify@https://registry.npmjs.org/loose-envify/-/loose-envify-1.4.0.tgz 0ms (cache hit)
732 http cache node-releases@https://registry.npmjs.org/node-releases/-/node-releases-2.0.36.tgz 0ms (cache hit)
733 http cache ms@https://registry.npmjs.org/ms/-/ms-2.1.3.tgz 0ms (cache hit)
734 http cache update-browserslist-db@https://registry.npmjs.org/update-browserslist-db/-/update-browserslist-db-1.2.3.tgz 0ms (cache hit)
735 http cache caniuse-lite@https://registry.npmjs.org/caniuse-lite/-/caniuse-lite-1.0.30001780.tgz 0ms (cache hit)
736 http cache electron-to-chromium@https://registry.npmjs.org/electron-to-chromium/-/electron-to-chromium-1.5.321.tgz 0ms (cache hit)
737 http cache baseline-browser-mapping@https://registry.npmjs.org/baseline-browser-mapping/-/baseline-browser-mapping-2.10.10.tgz 0ms (cache hit)
738 http cache @types/babel__template@https://registry.npmjs.org/@types/babel__template/-/babel__template-7.4.4.tgz 0ms (cache hit)
739 http cache @types/babel__traverse@https://registry.npmjs.org/@types/babel__traverse/-/babel__traverse-7.28.0.tgz 0ms (cache hit)
740 http cache @types/babel__generator@https://registry.npmjs.org/@types/babel__generator/-/babel__generator-7.27.0.tgz 0ms (cache hit)
741 http cache @babel/helper-string-parser@https://registry.npmjs.org/@babel/helper-string-parser/-/helper-string-parser-7.27.1.tgz 0ms (cache hit)
742 http cache @jridgewell/resolve-uri@https://registry.npmjs.org/@jridgewell/resolve-uri/-/resolve-uri-3.1.2.tgz 0ms (cache hit)
743 http cache lru-cache@https://registry.npmjs.org/lru-cache/-/lru-cache-5.1.1.tgz 0ms (cache hit)
744 http cache @jridgewell/sourcemap-codec@https://registry.npmjs.org/@jridgewell/sourcemap-codec/-/sourcemap-codec-1.5.5.tgz 0ms (cache hit)
745 http cache @babel/helper-module-imports@https://registry.npmjs.org/@babel/helper-module-imports/-/helper-module-imports-7.28.6.tgz 0ms (cache hit)
746 http cache @babel/helper-globals@https://registry.npmjs.org/@babel/helper-globals/-/helper-globals-7.28.0.tgz 0ms (cache hit)
747 http cache browserslist@https://registry.npmjs.org/browserslist/-/browserslist-4.28.1.tgz 0ms (cache hit)
748 http cache @babel/helper-plugin-utils@https://registry.npmjs.org/@babel/helper-plugin-utils/-/helper-plugin-utils-7.28.6.tgz 0ms (cache hit)
749 http cache @babel/helper-validator-option@https://registry.npmjs.org/@babel/helper-validator-option/-/helper-validator-option-7.27.1.tgz 0ms (cache hit)
750 http cache jsesc@https://registry.npmjs.org/jsesc/-/jsesc-3.1.0.tgz 0ms (cache hit)
751 http cache @babel/compat-data@https://registry.npmjs.org/@babel/compat-data/-/compat-data-7.29.0.tgz 0ms (cache hit)
752 http cache @jridgewell/trace-mapping@https://registry.npmjs.org/@jridgewell/trace-mapping/-/trace-mapping-0.3.31.tgz 0ms (cache hit)
753 http cache @jridgewell/gen-mapping@https://registry.npmjs.org/@jridgewell/gen-mapping/-/gen-mapping-0.3.13.tgz 0ms (cache hit)
754 http cache @babel/helper-validator-identifier@https://registry.npmjs.org/@babel/helper-validator-identifier/-/helper-validator-identifier-7.28.5.tgz 0ms (cache hit)
755 http cache js-tokens@https://registry.npmjs.org/js-tokens/-/js-tokens-4.0.0.tgz 0ms (cache hit)
756 http cache semver@https://registry.npmjs.org/semver/-/semver-6.3.1.tgz 0ms (cache hit)
757 http cache json5@https://registry.npmjs.org/json5/-/json5-2.2.3.tgz 0ms (cache hit)
758 http cache picocolors@https://registry.npmjs.org/picocolors/-/picocolors-1.1.1.tgz 1ms (cache hit)
759 http cache gensync@https://registry.npmjs.org/gensync/-/gensync-1.0.0-beta.2.tgz 0ms (cache hit)
760 http cache debug@https://registry.npmjs.org/debug/-/debug-4.4.3.tgz 0ms (cache hit)
761 http cache @jridgewell/remapping@https://registry.npmjs.org/@jridgewell/remapping/-/remapping-2.3.5.tgz 0ms (cache hit)
762 http cache @babel/traverse@https://registry.npmjs.org/@babel/traverse/-/traverse-7.29.0.tgz 0ms (cache hit)
763 http cache convert-source-map@https://registry.npmjs.org/convert-source-map/-/convert-source-map-2.0.0.tgz 0ms (cache hit)
764 http cache @babel/template@https://registry.npmjs.org/@babel/template/-/template-7.28.6.tgz 0ms (cache hit)
765 http cache @babel/types@https://registry.npmjs.org/@babel/types/-/types-7.29.0.tgz 0ms (cache hit)
766 http cache @babel/parser@https://registry.npmjs.org/@babel/parser/-/parser-7.29.2.tgz 1ms (cache hit)
767 http cache @babel/helpers@https://registry.npmjs.org/@babel/helpers/-/helpers-7.29.2.tgz 1ms (cache hit)
768 http cache @babel/helper-module-transforms@https://registry.npmjs.org/@babel/helper-module-transforms/-/helper-module-transforms-7.28.6.tgz 0ms (cache hit)
769 http cache @babel/helper-compilation-targets@https://registry.npmjs.org/@babel/helper-compilation-targets/-/helper-compilation-targets-7.28.6.tgz 0ms (cache hit)
770 http cache @babel/generator@https://registry.npmjs.org/@babel/generator/-/generator-7.29.1.tgz 0ms (cache hit)
771 http cache @babel/code-frame@https://registry.npmjs.org/@babel/code-frame/-/code-frame-7.29.0.tgz 0ms (cache hit)
772 http cache react-refresh@https://registry.npmjs.org/react-refresh/-/react-refresh-0.17.0.tgz 0ms (cache hit)
773 http cache @types/babel__core@https://registry.npmjs.org/@types/babel__core/-/babel__core-7.20.5.tgz 0ms (cache hit)
774 http cache @babel/plugin-transform-react-jsx-source@https://registry.npmjs.org/@babel/plugin-transform-react-jsx-source/-/plugin-transform-react-jsx-source-7.27.1.tgz 0ms (cache hit)
775 http cache @rolldown/pluginutils@https://registry.npmjs.org/@rolldown/pluginutils/-/pluginutils-1.0.0-beta.27.tgz 0ms (cache hit)
776 http cache @babel/plugin-transform-react-jsx-self@https://registry.npmjs.org/@babel/plugin-transform-react-jsx-self/-/plugin-transform-react-jsx-self-7.27.1.tgz 0ms (cache hit)
777 http cache csstype@https://registry.npmjs.org/csstype/-/csstype-3.2.3.tgz 0ms (cache hit)
778 http cache @babel/core@https://registry.npmjs.org/@babel/core/-/core-7.29.0.tgz 0ms (cache hit)
779 http cache @types/prop-types@https://registry.npmjs.org/@types/prop-types/-/prop-types-15.7.15.tgz 0ms (cache hit)
780 http cache typescript@https://registry.npmjs.org/typescript/-/typescript-5.9.3.tgz 0ms (cache hit)
781 http cache react-router-dom@https://registry.npmjs.org/react-router-dom/-/react-router-dom-6.30.3.tgz 0ms (cache hit)
782 http cache react-dom@https://registry.npmjs.org/react-dom/-/react-dom-18.3.1.tgz 0ms (cache hit)
783 http cache react@https://registry.npmjs.org/react/-/react-18.3.1.tgz 1ms (cache hit)
784 http cache @vitejs/plugin-react@https://registry.npmjs.org/@vitejs/plugin-react/-/plugin-react-4.7.0.tgz 0ms (cache hit)
785 http cache vite@https://registry.npmjs.org/vite/-/vite-6.4.1.tgz 0ms (cache hit)
786 http cache @types/react-dom@https://registry.npmjs.org/@types/react-dom/-/react-dom-18.3.7.tgz 0ms (cache hit)
787 http cache @types/react@https://registry.npmjs.org/@types/react/-/react-18.3.28.tgz 1ms (cache hit)
788 http fetch POST 200 https://registry.npmjs.org/-/npm/v1/security/advisories/bulk 5551ms
789 silly audit report {}
790 info run esbuild@0.25.12 postinstall node_modules/esbuild node install.js
791 info run esbuild@0.25.12 postinstall { code: 0, signal: null }
792 silly ADD node_modules/@types/estree
793 silly ADD node_modules/@rollup/rollup-win32-x64-msvc
794 silly ADD node_modules/@rollup/rollup-win32-x64-gnu
795 silly ADD node_modules/source-map-js
796 silly ADD node_modules/nanoid
797 silly ADD node_modules/@esbuild/win32-x64
798 silly ADD node_modules/tinyglobby
799 silly ADD node_modules/rollup
800 silly ADD node_modules/postcss
801 silly ADD node_modules/picomatch
802 silly ADD node_modules/fdir
803 silly ADD node_modules/esbuild
804 silly ADD node_modules/escalade
805 silly ADD node_modules/react-router
806 silly ADD node_modules/@remix-run/router
807 silly ADD node_modules/scheduler
808 silly ADD node_modules/loose-envify
809 silly ADD node_modules/yallist
810 silly ADD node_modules/ms
811 silly ADD node_modules/update-browserslist-db
812 silly ADD node_modules/node-releases
813 silly ADD node_modules/electron-to-chromium
814 silly ADD node_modules/caniuse-lite
815 silly ADD node_modules/baseline-browser-mapping
816 silly ADD node_modules/@types/babel__traverse
817 silly ADD node_modules/@types/babel__template
818 silly ADD node_modules/@types/babel__generator
819 silly ADD node_modules/@jridgewell/resolve-uri
820 silly ADD node_modules/@jridgewell/sourcemap-codec
821 silly ADD node_modules/@babel/helper-string-parser
822 silly ADD node_modules/@babel/helper-globals
823 silly ADD node_modules/@babel/helper-plugin-utils
824 silly ADD node_modules/@babel/helper-module-imports
825 silly ADD node_modules/lru-cache
826 silly ADD node_modules/browserslist
827 silly ADD node_modules/@babel/helper-validator-option
828 silly ADD node_modules/@babel/compat-data
829 silly ADD node_modules/jsesc
830 silly ADD node_modules/@jridgewell/trace-mapping
831 silly ADD node_modules/@jridgewell/gen-mapping
832 silly ADD node_modules/picocolors
833 silly ADD node_modules/js-tokens
834 silly ADD node_modules/@babel/helper-validator-identifier
835 silly ADD node_modules/semver
836 silly ADD node_modules/json5
837 silly ADD node_modules/gensync
838 silly ADD node_modules/debug
839 silly ADD node_modules/convert-source-map
840 silly ADD node_modules/@jridgewell/remapping
841 silly ADD node_modules/@babel/types
842 silly ADD node_modules/@babel/traverse
843 silly ADD node_modules/@babel/template
844 silly ADD node_modules/@babel/parser
845 silly ADD node_modules/@babel/helpers
846 silly ADD node_modules/@babel/helper-module-transforms
847 silly ADD node_modules/@babel/helper-compilation-targets
848 silly ADD node_modules/@babel/generator
849 silly ADD node_modules/@babel/code-frame
850 silly ADD node_modules/react-refresh
851 silly ADD node_modules/@types/babel__core
852 silly ADD node_modules/@rolldown/pluginutils
853 silly ADD node_modules/@babel/plugin-transform-react-jsx-source
854 silly ADD node_modules/@babel/plugin-transform-react-jsx-self
855 silly ADD node_modules/@babel/core
856 silly ADD node_modules/csstype
857 silly ADD node_modules/@types/prop-types
858 silly ADD node_modules/typescript
859 silly ADD node_modules/react-router-dom
860 silly ADD node_modules/react-dom
861 silly ADD node_modules/react
862 silly ADD node_modules/vite
863 silly ADD node_modules/@vitejs/plugin-react
864 silly ADD node_modules/@types/react-dom
865 silly ADD node_modules/@types/react
866 verbose cwd C:\Users\orlan\Desktop\PANDA-PROJECT
867 verbose os Windows_NT 10.0.26200
868 verbose node v24.14.0
869 verbose npm  v11.9.0
870 verbose exit 0
871 info ok
